0 info it worked if it ends with ok
1 verbose cli [ 'C:\\Program Files (x86)\\nodejs\\\\node.exe',
1 verbose cli   'C:\\Program Files (x86)\\nodejs\\node_modules\\npm\\bin\\npm-cli.js',
1 verbose cli   'unpublish',
1 verbose cli   'censorify',
1 verbose cli   '--force' ]
2 info using npm@1.4.28
3 info using node@v0.10.33
4 verbose node symlink C:\Program Files (x86)\nodejs\\node.exe
5 warn using --force I sure hope you know what you are doing.
6 verbose request where is /censorify?write=true
7 verbose request registry https://registry.npmjs.org/
8 verbose request id 188021c8e1f9049b
9 verbose url raw /censorify?write=true
10 verbose url resolving [ 'https://registry.npmjs.org/', './censorify?write=true' ]
11 verbose url resolved https://registry.npmjs.org/censorify?write=true
12 verbose request where is https://registry.npmjs.org/censorify?write=true
13 info trying registry request attempt 1 at 09:57:38
14 http GET https://registry.npmjs.org/censorify?write=true
15 http 200 https://registry.npmjs.org/censorify?write=true
16 silly registry.get cb [ 200,
16 silly registry.get   { server: 'CouchDB/1.5.0 (Erlang OTP/R16B03)',
16 silly registry.get     etag: '"7QDT0VPCMFLWXA6NCFT9AZUVQ"',
16 silly registry.get     'content-type': 'application/json',
16 silly registry.get     'cache-control': 'max-age=0',
16 silly registry.get     'content-length': '1506',
16 silly registry.get     'accept-ranges': 'bytes',
16 silly registry.get     date: 'Mon, 28 Sep 2015 01:57:39 GMT',
16 silly registry.get     via: '1.1 varnish',
16 silly registry.get     age: '0',
16 silly registry.get     connection: 'keep-alive',
16 silly registry.get     'x-served-by': 'cache-jfk1030-JFK',
16 silly registry.get     'x-cache': 'MISS',
16 silly registry.get     'x-cache-hits': '0',
16 silly registry.get     'x-timer': 'S1443405459.208959,VS0,VE89',
16 silly registry.get     vary: 'Accept' } ]
17 info unpublish No version specified, removing all
18 verbose request where is /censorify/-rev/2-45aac40cda6c788a28cba2d279383769
19 verbose request registry https://registry.npmjs.org/
20 verbose url raw /censorify/-rev/2-45aac40cda6c788a28cba2d279383769
21 verbose url resolving [ 'https://registry.npmjs.org/',
21 verbose url resolving   './censorify/-rev/2-45aac40cda6c788a28cba2d279383769' ]
22 verbose url resolved https://registry.npmjs.org/censorify/-rev/2-45aac40cda6c788a28cba2d279383769
23 verbose request where is https://registry.npmjs.org/censorify/-rev/2-45aac40cda6c788a28cba2d279383769
24 info trying registry request attempt 1 at 09:57:40
25 http DELETE https://registry.npmjs.org/censorify/-rev/2-45aac40cda6c788a28cba2d279383769
26 http 403 https://registry.npmjs.org/censorify/-rev/2-45aac40cda6c788a28cba2d279383769
27 verbose headers { 'content-type': 'application/json',
27 verbose headers   'cache-control': 'max-age=60',
27 verbose headers   'content-length': '101',
27 verbose headers   'accept-ranges': 'bytes',
27 verbose headers   date: 'Mon, 28 Sep 2015 01:57:41 GMT',
27 verbose headers   via: '1.1 varnish',
27 verbose headers   connection: 'keep-alive',
27 verbose headers   'x-served-by': 'cache-jfk1021-JFK',
27 verbose headers   'x-cache': 'MISS',
27 verbose headers   'x-cache-hits': '0',
27 verbose headers   'x-timer': 'S1443405460.643375,VS0,VE740' }
28 error Error: You do not have permission to publish 'censorify'. Are you logged in as the correct user? : censorify/-rev/2-45aac40cda6c788a28cba2d279383769
28 error     at RegClient.<anonymous> (C:\Program Files (x86)\nodejs\node_modules\npm\node_modules\npm-registry-client\lib\request.js:308:14)
28 error     at Request._callback (C:\Program Files (x86)\nodejs\node_modules\npm\node_modules\npm-registry-client\lib\request.js:246:65)
28 error     at Request.self.callback (C:\Program Files (x86)\nodejs\node_modules\npm\node_modules\request\request.js:236:22)
28 error     at Request.emit (events.js:98:17)
28 error     at Request.<anonymous> (C:\Program Files (x86)\nodejs\node_modules\npm\node_modules\request\request.js:1142:14)
28 error     at Request.emit (events.js:117:20)
28 error     at IncomingMessage.<anonymous> (C:\Program Files (x86)\nodejs\node_modules\npm\node_modules\request\request.js:1096:12)
28 error     at IncomingMessage.emit (events.js:117:20)
28 error     at _stream_readable.js:943:16
28 error     at process._tickCallback (node.js:419:13)
29 error If you need help, you may report this *entire* log,
29 error including the npm and node versions, at:
29 error     <http://github.com/npm/npm/issues>
30 error System Windows_NT 6.1.7601
31 error command "C:\\Program Files (x86)\\nodejs\\\\node.exe" "C:\\Program Files (x86)\\nodejs\\node_modules\\npm\\bin\\npm-cli.js" "unpublish" "censorify" "--force"
32 error cwd C:\NodeJS\readwords
33 error node -v v0.10.33
34 error npm -v 1.4.28
35 verbose exit [ 1, true ]
